Start testing: Jul 14 09:22 -03
----------------------------------------------------------
Unable to find executable: /home/elidio/zeroflow/build/tests
1/1 Testing: ZeroFlowTests
1/1 Test: ZeroFlowTests
Command: ""
Directory: /home/elidio/zeroflow/build
"ZeroFlowTests" start time: 
Output:
----------------------------------------------------------
<end of output>
Test time =   0.00 sec
----------------------------------------------------------
Test Passed.
"ZeroFlowTests" end time: Jul 14 09:22 -03
"ZeroFlowTests" time elapsed: 00:00:00
----------------------------------------------------------

End testing: Jul 14 09:22 -03
